<?xml version="1.0" encoding="UTF-8"?>
<!-- Generated by org.testng.reporters.JUnitXMLReporter -->
<testsuite ignored="0" hostname="priyanka" failures="0" tests="9" name="Test" time="0.342" errors="0" timestamp="2022-09-23T19:33:27 IST">
  <testcase classname="GroupingPractice.TestCase1" name="Test1" time="0.015"/>
  <testcase classname="GroupingPractice.TestCase1" name="Test2" time="0.008"/>
  <testcase classname="GroupingPractice.TestCase1" name="Test3" time="0.007"/>
  <testcase classname="GroupingPractice.TestCase2" name="Test4" time="0.008"/>
  <testcase classname="GroupingPractice.TestCase2" name="Test5" time="0.007"/>
  <testcase classname="GroupingPractice.TestCase2" name="Test6" time="0.011"/>
  <testcase classname="GroupingPractice.TestCase3" name="Test7" time="0.012"/>
  <testcase classname="GroupingPractice.TestCase3" name="Test8" time="0.009"/>
  <testcase classname="GroupingPractice.TestCase3" name="Test9" time="0.023"/>
</testsuite> <!-- Test -->
