<?xml version="1.0" encoding="UTF-8"?>
<!-- Generated by org.testng.reporters.JUnitXMLReporter -->
<testsuite ignored="0" hostname="priyanka" failures="0" tests="6" name="Functonal Test" time="0.196" errors="0" timestamp="2022-09-22T12:23:45 IST">
  <testcase classname="BeforeSuiteAndAfterSuite.Class1" name="m1" time="0.017"/>
  <testcase classname="BeforeSuiteAndAfterSuite.Class1" name="m2" time="0.005"/>
  <testcase classname="BeforeSuiteAndAfterSuite.Class1" name="m3" time="0.003"/>
  <testcase classname="BeforeSuiteAndAfterSuite.Class2" name="m4" time="0.003"/>
  <testcase classname="BeforeSuiteAndAfterSuite.Class2" name="m5" time="0.005"/>
  <testcase classname="BeforeSuiteAndAfterSuite.Class2" name="m6" time="0.032"/>
</testsuite> <!-- Functonal Test -->
